<?xml version="1.0" encoding="UTF-8"?>
<!-- Generated by org.testng.reporters.JUnitReportReporter -->
<testsuite hostname="DESKTOP-25A5VGP" failures="0" tests="1" name="com.mycompany.app.GoogleSearchTest" time="0.012" errors="0" timestamp="2024-11-23T19:54:40 CET" skipped="0">
  <testcase classname="com.mycompany.app.GoogleSearchTest" name="helloWorld2" time="0.012"/>
  <system-out/>
</testsuite> <!-- com.mycompany.app.GoogleSearchTest -->
